<?xml version="1.0" encoding="UTF-8"?>
<!-- Generated by org.testng.reporters.JUnitReportReporter -->
<testsuite hostname="GUEST090" name="Duplicate" tests="2" failures="0" timestamp="27 Jan 2017 12:21:57 GMT" time="245.132" errors="0">
  <testcase name="parameters" time="86.388" classname="Duplicate"/>
  <testcase name="parameters" time="158.744" classname="Duplicate"/>
</testsuite> <!-- Duplicate -->
