<?xml version="1.0" encoding="UTF-8"?>
<!-- Generated by org.testng.reporters.JUnitReportReporter -->
<testsuite hostname="GUEST090" name="RFramework" tests="2" failures="0" timestamp="20 Apr 2017 14:54:09 GMT" time="247.383" errors="0">
  <testcase name="parameters" time="89.465" classname="RFramework"/>
  <testcase name="parameters" time="157.918" classname="RFramework"/>
</testsuite> <!-- RFramework -->
