<?xml version="1.0" encoding="UTF-8"?>
<!-- Generated by org.testng.reporters.JUnitReportReporter -->
<testsuite hostname="GUEST090" name="Final" tests="1" failures="0" timestamp="9 Jun 2017 11:14:08 GMT" time="235.534" errors="0">
  <testcase name="testing" time="235.534" classname="Final"/>
</testsuite> <!-- Final -->
