<?xml version="1.0" encoding="UTF-8"?>
<!-- Generated by org.testng.reporters.JUnitReportReporter -->
<testsuite hostname="miracle-PC" name="Hybrid" tests="2" failures="0" timestamp="13 Sep 2016 10:30:17 GMT" time="205.219" errors="0">
  <testcase name="testing" time="172.115" classname="Hybrid"/>
  <testcase name="testing" time="33.104" classname="Hybrid"/>
</testsuite> <!-- Hybrid -->
